<?xml version="1.0" encoding="UTF-8"?>
<!-- Generated by org.testng.reporters.JUnitReportReporter -->
<testsuite skipped="0" hostname="DESKTOP-QLANP6L" name="org.zalando.frontend.qa.testcases.HomePageTest" tests="1" failures="0" timestamp="2021-04-07T16:21:19 CEST" time="16.314" errors="0">
  <testcase name="registerTest" time="16.314" classname="org.zalando.frontend.qa.testcases.HomePageTest"/>
  <system-out/>
</testsuite> <!-- org.zalando.frontend.qa.testcases.HomePageTest -->
