<?xml version="1.0" encoding="UTF-8"?>
<!-- Generated by org.testng.reporters.JUnitReportReporter -->
<testsuite skipped="0" hostname="DESKTOP-QLANP6L" name="org.zalando.frontend.qa.testcases.HomePageTest" tests="4" failures="0" timestamp="2021-04-06T19:29:11 CEST" time="37.826" errors="0">
  <testcase name="newsLetterTest" time="8.364" classname="org.zalando.frontend.qa.testcases.HomePageTest"/>
  <system-out/>
  <testcase name="newsLetterTest" time="11.966" classname="org.zalando.frontend.qa.testcases.HomePageTest"/>
  <system-out/>
  <testcase name="newsLetterTest" time="9.433" classname="org.zalando.frontend.qa.testcases.HomePageTest"/>
  <system-out/>
  <testcase name="newsLetterTest" time="8.063" classname="org.zalando.frontend.qa.testcases.HomePageTest"/>
  <system-out/>
</testsuite> <!-- org.zalando.frontend.qa.testcases.HomePageTest -->
