<?xml version="1.0" encoding="UTF-8"?>
<!-- Generated by org.testng.reporters.JUnitReportReporter -->
<testsuite skipped="0" hostname="DESKTOP-QLANP6L" name="org.zalando.frontend.qa.testcases.RegisterPageTest" tests="1" failures="0" timestamp="2021-04-07T19:04:20 CEST" time="10.590" errors="0">
  <testcase name="validUserRegisterationTest" time="10.590" classname="org.zalando.frontend.qa.testcases.RegisterPageTest"/>
  <system-out/>
</testsuite> <!-- org.zalando.frontend.qa.testcases.RegisterPageTest -->
