<?xml version="1.0" encoding="UTF-8"?>
<!-- Generated by org.testng.reporters.JUnitReportReporter -->
<testsuite skipped="0" hostname="DESKTOP-QLANP6L" name="testcases.HomePageTest" tests="1" failures="0" timestamp="2021-04-02T10:27:02 CEST" time="0.031" errors="0">
  <testcase name="urlTest" time="0.031" classname="testcases.HomePageTest"/>
  <system-out/>
</testsuite> <!-- testcases.HomePageTest -->
